[1776450342.622][INFO]: Starting ChromeDriver 147.0.7727.57 (b4f28b5637d02137aa7f80eb8d589b0c005c3426-refs/branch-heads/7727_49@{#7}) on port 8151
[1776450342.622][INFO]: Please see https://chromedriver.chromium.org/security-considerations for suggestions on keeping ChromeDriver safe.
[1776450342.632][INFO]: ChromeDriver was started successfully on port 8151
[1776450342.806][INFO]: [57bbb83e9d34e1daf76050fb78d78b18] COMMAND InitSession {
   "capabilities": {
      "firstMatch": [ {
         "browserName": "chrome",
         "goog:chromeOptions": {
            "args": [  ],
            "binary": "C:\\Program Files\\Google\\Chrome\\Application\\chrome.exe",
            "extensions": [  ]
         }
      } ]
   }
}
[1776450342.808][INFO]: Populating Preferences file: {
   "alternate_error_pages": {
      "enabled": false
   },
   "autofill": {
      "enabled": false
   },
   "browser": {
      "check_default_browser": false
   },
   "distribution": {
      "import_bookmarks": false,
      "import_history": false,
      "import_search_engine": false,
      "make_chrome_default_for_user": false,
      "skip_first_run_ui": true
   },
   "dns_prefetching": {
      "enabled": false
   },
   "profile": {
      "content_settings": {
         "pattern_pairs": {
            "https://*,*": {
               "media-stream": {
                  "audio": "Default",
                  "video": "Default"
               }
            }
         }
      },
      "default_content_setting_values": {
         "geolocation": 1
      },
      "default_content_settings": {
         "geolocation": 1,
         "mouselock": 1,
         "notifications": 1,
         "popups": 1,
         "ppapi-broker": 1
      },
      "password_manager_enabled": false
   },
   "safebrowsing": {
      "enabled": false
   },
   "search": {
      "suggest_enabled": false
   },
   "translate": {
      "enabled": false
   }
}
[1776450342.809][INFO]: Populating Local State file: {
   "background_mode": {
      "enabled": false
   },
   "ssl": {
      "rev_checking": {
         "enabled": false
      }
   }
}
[1776450342.811][INFO]: ChromeDriver supports communication with Chrome via pipes. This is more reliable and more secure.
[1776450342.811][INFO]: Use the --remote-debugging-pipe Chrome switch instead of the default --remote-debugging-port to enable this communication mode.
[1776450342.813][INFO]: Launching chrome: "C:\Program Files\Google\Chrome\Application\chrome.exe" --allow-pre-commit-input --disable-background-networking --disable-background-timer-throttling --disable-backgrounding-occluded-windows --disable-client-side-phishing-detection --disable-default-apps --disable-features=IgnoreDuplicateNavs,Prewarm --disable-hang-monitor --disable-popup-blocking --disable-prompt-on-repost --disable-sync --enable-automation --enable-logging --log-level=0 --no-first-run --no-service-autorun --password-store=basic --remote-debugging-port=0 --test-type=webdriver --use-mock-keychain --user-data-dir="C:\Users\arpit\AppData\Local\Temp\scoped_dir5716_301135409" data:,
[1776450343.693][INFO]: resolved localhost to ["::1","127.0.0.1"]
[1776450343.700][INFO]: [57bbb83e9d34e1daf76050fb78d78b18] RESPONSE InitSession {
   "capabilities": {
      "acceptInsecureCerts": false,
      "browserName": "chrome",
      "browserVersion": "147.0.7727.57",
      "chrome": {
         "chromedriverVersion": "147.0.7727.57 (b4f28b5637d02137aa7f80eb8d589b0c005c3426-refs/branch-heads/7727_49@{#7})",
         "userDataDir": "C:\\Users\\arpit\\AppData\\Local\\Temp\\scoped_dir5716_301135409"
      },
      "fedcm:accounts": true,
      "goog:chromeOptions": {
         "debuggerAddress": "localhost:54623"
      },
      "goog:processID": 28576,
      "networkConnectionEnabled": false,
      "pageLoadStrategy": "normal",
      "platformName": "windows",
      "proxy": {
      },
      "setWindowRect": true,
      "strictFileInteractability": false,
      "timeouts": {
         "implicit": 0,
         "pageLoad": 300000,
         "script": 30000
      },
      "unhandledPromptBehavior": "dismiss and notify",
      "webauthn:extension:credBlob": true,
      "webauthn:extension:largeBlob": true,
      "webauthn:extension:minPinLength": true,
      "webauthn:extension:prf": true,
      "~~~": "..."
   },
   "sessionId": "57bbb83e9d34e1daf76050fb78d78b18"
}
[1776450343.947][INFO]: [57bbb83e9d34e1daf76050fb78d78b18] COMMAND MaximizeWindow {
}
[1776450343.947][INFO]: Waiting for pending navigations...
[1776450343.951][INFO]: Done waiting for pending navigations. Status: ok
[1776450343.989][INFO]: Waiting for pending navigations...
[1776450343.990][INFO]: Done waiting for pending navigations. Status: ok
[1776450343.990][INFO]: [57bbb83e9d34e1daf76050fb78d78b18] RESPONSE MaximizeWindow {
   "height": 832,
   "width": 1552,
   "x": -7,
   "y": -7
}
[1776450343.996][INFO]: [57bbb83e9d34e1daf76050fb78d78b18] COMMAND Navigate {
   "url": "https://forms.gle/wjPkzeSEk1CM7KgGA"
}
[1776450343.996][INFO]: Waiting for pending navigations...
[1776450343.997][INFO]: Done waiting for pending navigations. Status: ok
[1776450345.212][INFO]: Waiting for pending navigations...
[1776450345.717][INFO]: Done waiting for pending navigations. Status: ok
[1776450345.717][INFO]: [57bbb83e9d34e1daf76050fb78d78b18] RESPONSE Navigate
[1776450345.724][INFO]: [57bbb83e9d34e1daf76050fb78d78b18] COMMAND SetTimeouts {
   "implicit": 30000
}
[1776450345.725][INFO]: [57bbb83e9d34e1daf76050fb78d78b18] RESPONSE SetTimeouts
[1776450345.745][INFO]: [57bbb83e9d34e1daf76050fb78d78b18] COMMAND FindElement {
   "using": "xpath",
   "value": "//div[contains(@class,'k3kHxc')]//input"
}
[1776450345.745][INFO]: Waiting for pending navigations...
[1776450345.746][INFO]: Done waiting for pending navigations. Status: ok
[1776450345.767][INFO]: Waiting for pending navigations...
[1776450345.769][INFO]: Done waiting for pending navigations. Status: ok
[1776450345.769][INFO]: [57bbb83e9d34e1daf76050fb78d78b18] RESPONSE FindElement {
   "element-6066-11e4-a52e-4f735466cecf": "f.E932AA697B147C1216DB5C0E282D4B55.d.352FAAA8AF89983F2E614FF541B29332.e.11"
}
[1776450348.788][INFO]: [57bbb83e9d34e1daf76050fb78d78b18] COMMAND ClearElement {
   "id": "f.E932AA697B147C1216DB5C0E282D4B55.d.352FAAA8AF89983F2E614FF541B29332.e.11"
}
[1776450348.789][INFO]: Waiting for pending navigations...
[1776450348.790][INFO]: Done waiting for pending navigations. Status: ok
[1776450348.838][INFO]: 
	=== NOTE: ===
	The Clear command in ChromeDriver 2.43 and above
	has been updated to conform to the current standard,
	including raising blur event after clearing.

[1776450348.855][INFO]: Waiting for pending navigations...
[1776450348.855][INFO]: Done waiting for pending navigations. Status: ok
[1776450348.855][INFO]: [57bbb83e9d34e1daf76050fb78d78b18] RESPONSE ClearElement
[1776450348.865][INFO]: [57bbb83e9d34e1daf76050fb78d78b18] COMMAND TypeElement {
   "id": "f.E932AA697B147C1216DB5C0E282D4B55.d.352FAAA8AF89983F2E614FF541B29332.e.11",
   "text": "Crio Learner",
   "value": [ "C", "r", "i", "o", " ", "L", "e", "a", "r", "n", "e", "r" ]
}
[1776450348.865][INFO]: Waiting for pending navigations...
[1776450348.866][INFO]: Done waiting for pending navigations. Status: ok
[1776450349.031][INFO]: Waiting for pending navigations...
[1776450349.035][INFO]: Done waiting for pending navigations. Status: ok
[1776450349.035][INFO]: [57bbb83e9d34e1daf76050fb78d78b18] RESPONSE TypeElement
[1776450349.040][INFO]: [57bbb83e9d34e1daf76050fb78d78b18] COMMAND FindElement {
   "using": "xpath",
   "value": "//textarea[contains(@class, 'tL9Q4c')]"
}
[1776450349.040][INFO]: Waiting for pending navigations...
[1776450349.041][INFO]: Done waiting for pending navigations. Status: ok
[1776450349.055][INFO]: Waiting for pending navigations...
[1776450349.056][INFO]: Done waiting for pending navigations. Status: ok
[1776450349.056][INFO]: [57bbb83e9d34e1daf76050fb78d78b18] RESPONSE FindElement {
   "element-6066-11e4-a52e-4f735466cecf": "f.E932AA697B147C1216DB5C0E282D4B55.d.352FAAA8AF89983F2E614FF541B29332.e.18"
}
[1776450349.064][INFO]: [57bbb83e9d34e1daf76050fb78d78b18] COMMAND ClearElement {
   "id": "f.E932AA697B147C1216DB5C0E282D4B55.d.352FAAA8AF89983F2E614FF541B29332.e.18"
}
[1776450349.065][INFO]: Waiting for pending navigations...
[1776450349.066][INFO]: Done waiting for pending navigations. Status: ok
[1776450349.094][INFO]: Waiting for pending navigations...
[1776450349.095][INFO]: Done waiting for pending navigations. Status: ok
[1776450349.095][INFO]: [57bbb83e9d34e1daf76050fb78d78b18] RESPONSE ClearElement
[1776450349.102][INFO]: [57bbb83e9d34e1daf76050fb78d78b18] COMMAND TypeElement {
   "id": "f.E932AA697B147C1216DB5C0E282D4B55.d.352FAAA8AF89983F2E614FF541B29332.e.18",
   "text": "I want to be the best QA Engineer! 1776450349",
   "value": [ "I", " ", "w", "a", "n", "t", " ", "t", "o", " ", "b", "e", " ", "t", "h", "e", " ", "b", "e", "s", "t", " ", "Q", "A", " ", "E", "n", "g", "i", "n", "e", "e", "r", "!", " ", "1", "7", "7", "6", "4", "5", "0", "3", "4", "9" ]
}
[1776450349.102][INFO]: Waiting for pending navigations...
[1776450349.104][INFO]: Done waiting for pending navigations. Status: ok
[1776450349.367][INFO]: Waiting for pending navigations...
[1776450349.371][INFO]: Done waiting for pending navigations. Status: ok
[1776450349.371][INFO]: [57bbb83e9d34e1daf76050fb78d78b18] RESPONSE TypeElement
[1776450349.380][INFO]: [57bbb83e9d34e1daf76050fb78d78b18] COMMAND FindElement {
   "using": "xpath",
   "value": "//span[contains(@class, 'OvPDhc') and contains(text(),'6 - 10')]/../../..//div[@class = 'vd3tt']"
}
[1776450349.380][INFO]: Waiting for pending navigations...
[1776450349.381][INFO]: Done waiting for pending navigations. Status: ok
[1776450349.396][INFO]: Waiting for pending navigations...
[1776450349.397][INFO]: Done waiting for pending navigations. Status: ok
[1776450349.397][INFO]: [57bbb83e9d34e1daf76050fb78d78b18] RESPONSE FindElement {
   "element-6066-11e4-a52e-4f735466cecf": "f.E932AA697B147C1216DB5C0E282D4B55.d.352FAAA8AF89983F2E614FF541B29332.e.61"
}
[1776450349.403][INFO]: [57bbb83e9d34e1daf76050fb78d78b18] COMMAND ClickElement {
   "id": "f.E932AA697B147C1216DB5C0E282D4B55.d.352FAAA8AF89983F2E614FF541B29332.e.61"
}
[1776450349.404][INFO]: Waiting for pending navigations...
[1776450349.404][INFO]: Done waiting for pending navigations. Status: ok
[1776450349.527][INFO]: Waiting for pending navigations...
[1776450349.536][INFO]: Done waiting for pending navigations. Status: ok
[1776450349.536][INFO]: [57bbb83e9d34e1daf76050fb78d78b18] RESPONSE ClickElement
[1776450352.555][INFO]: [57bbb83e9d34e1daf76050fb78d78b18] COMMAND FindElement {
   "using": "xpath",
   "value": "//span[contains(@class, 'n5vBHf') and contains(text(),'Java')]/../../preceding-sibling::div[contains(@id, 'i')]"
}
[1776450352.555][INFO]: Waiting for pending navigations...
[1776450352.557][INFO]: Done waiting for pending navigations. Status: ok
[1776450352.570][INFO]: Waiting for pending navigations...
[1776450352.571][INFO]: Done waiting for pending navigations. Status: ok
[1776450352.571][INFO]: [57bbb83e9d34e1daf76050fb78d78b18] RESPONSE FindElement {
   "element-6066-11e4-a52e-4f735466cecf": "f.E932AA697B147C1216DB5C0E282D4B55.d.352FAAA8AF89983F2E614FF541B29332.e.65"
}
[1776450352.578][INFO]: [57bbb83e9d34e1daf76050fb78d78b18] COMMAND ClickElement {
   "id": "f.E932AA697B147C1216DB5C0E282D4B55.d.352FAAA8AF89983F2E614FF541B29332.e.65"
}
[1776450352.579][INFO]: Waiting for pending navigations...
[1776450352.579][INFO]: Done waiting for pending navigations. Status: ok
[1776450352.677][INFO]: Waiting for pending navigations...
[1776450352.682][INFO]: Done waiting for pending navigations. Status: ok
[1776450352.682][INFO]: [57bbb83e9d34e1daf76050fb78d78b18] RESPONSE ClickElement
[1776450352.688][INFO]: [57bbb83e9d34e1daf76050fb78d78b18] COMMAND FindElement {
   "using": "xpath",
   "value": "//span[contains(@class, 'n5vBHf') and contains(text(),'Selenium')]/../../preceding-sibling::div[contains(@id, 'i')]"
}
[1776450352.688][INFO]: Waiting for pending navigations...
[1776450352.690][INFO]: Done waiting for pending navigations. Status: ok
[1776450352.709][INFO]: Waiting for pending navigations...
[1776450352.711][INFO]: Done waiting for pending navigations. Status: ok
[1776450352.711][INFO]: [57bbb83e9d34e1daf76050fb78d78b18] RESPONSE FindElement {
   "element-6066-11e4-a52e-4f735466cecf": "f.E932AA697B147C1216DB5C0E282D4B55.d.352FAAA8AF89983F2E614FF541B29332.e.66"
}
[1776450352.717][INFO]: [57bbb83e9d34e1daf76050fb78d78b18] COMMAND ClickElement {
   "id": "f.E932AA697B147C1216DB5C0E282D4B55.d.352FAAA8AF89983F2E614FF541B29332.e.66"
}
[1776450352.717][INFO]: Waiting for pending navigations...
[1776450352.718][INFO]: Done waiting for pending navigations. Status: ok
[1776450352.816][INFO]: Waiting for pending navigations...
[1776450352.817][INFO]: Done waiting for pending navigations. Status: ok
[1776450352.817][INFO]: [57bbb83e9d34e1daf76050fb78d78b18] RESPONSE ClickElement
[1776450352.822][INFO]: [57bbb83e9d34e1daf76050fb78d78b18] COMMAND FindElement {
   "using": "xpath",
   "value": "//span[contains(@class, 'n5vBHf') and contains(text(),'TestNG')]/../../preceding-sibling::div[contains(@id, 'i')]"
}
[1776450352.822][INFO]: Waiting for pending navigations...
[1776450352.822][INFO]: Done waiting for pending navigations. Status: ok
[1776450352.840][INFO]: Waiting for pending navigations...
[1776450352.843][INFO]: Done waiting for pending navigations. Status: ok
[1776450352.843][INFO]: [57bbb83e9d34e1daf76050fb78d78b18] RESPONSE FindElement {
   "element-6066-11e4-a52e-4f735466cecf": "f.E932AA697B147C1216DB5C0E282D4B55.d.352FAAA8AF89983F2E614FF541B29332.e.68"
}
[1776450352.850][INFO]: [57bbb83e9d34e1daf76050fb78d78b18] COMMAND ClickElement {
   "id": "f.E932AA697B147C1216DB5C0E282D4B55.d.352FAAA8AF89983F2E614FF541B29332.e.68"
}
[1776450352.850][INFO]: Waiting for pending navigations...
[1776450352.851][INFO]: Done waiting for pending navigations. Status: ok
[1776450352.944][INFO]: Waiting for pending navigations...
[1776450352.948][INFO]: Done waiting for pending navigations. Status: ok
[1776450352.948][INFO]: [57bbb83e9d34e1daf76050fb78d78b18] RESPONSE ClickElement
[1776450352.953][INFO]: [57bbb83e9d34e1daf76050fb78d78b18] COMMAND FindElement {
   "using": "xpath",
   "value": "//div[contains(@class,'DEh1R')]"
}
[1776450352.953][INFO]: Waiting for pending navigations...
[1776450352.954][INFO]: Done waiting for pending navigations. Status: ok
[1776450352.967][INFO]: Waiting for pending navigations...
[1776450352.968][INFO]: Done waiting for pending navigations. Status: ok
[1776450352.968][INFO]: [57bbb83e9d34e1daf76050fb78d78b18] RESPONSE FindElement {
   "element-6066-11e4-a52e-4f735466cecf": "f.E932AA697B147C1216DB5C0E282D4B55.d.352FAAA8AF89983F2E614FF541B29332.e.69"
}
[1776450355.979][INFO]: [57bbb83e9d34e1daf76050fb78d78b18] COMMAND ExecuteScript {
   "args": [ {
      "element-6066-11e4-a52e-4f735466cecf": "f.E932AA697B147C1216DB5C0E282D4B55.d.352FAAA8AF89983F2E614FF541B29332.e.69"
   } ],
   "script": "arguments[0].click();"
}
[1776450355.979][INFO]: Waiting for pending navigations...
[1776450355.980][INFO]: Done waiting for pending navigations. Status: ok
[1776450355.988][INFO]: Waiting for pending navigations...
[1776450355.991][INFO]: Done waiting for pending navigations. Status: ok
[1776450355.991][INFO]: [57bbb83e9d34e1daf76050fb78d78b18] RESPONSE ExecuteScript null
[1776450355.998][INFO]: [57bbb83e9d34e1daf76050fb78d78b18] COMMAND FindElements {
   "using": "xpath",
   "value": "//div[contains(@class,'ncFHed')]//span[not(contains(text(),'Choose'))]"
}
[1776450355.998][INFO]: Waiting for pending navigations...
[1776450355.999][INFO]: Done waiting for pending navigations. Status: ok
[1776450356.136][INFO]: Waiting for pending navigations...
[1776450356.137][INFO]: Done waiting for pending navigations. Status: ok
[1776450356.137][INFO]: [57bbb83e9d34e1daf76050fb78d78b18] RESPONSE FindElements [ {
   "element-6066-11e4-a52e-4f735466cecf": "f.E932AA697B147C1216DB5C0E282D4B55.d.352FAAA8AF89983F2E614FF541B29332.e.73"
}, {
   "element-6066-11e4-a52e-4f735466cecf": "f.E932AA697B147C1216DB5C0E282D4B55.d.352FAAA8AF89983F2E614FF541B29332.e.74"
}, {
   "element-6066-11e4-a52e-4f735466cecf": "f.E932AA697B147C1216DB5C0E282D4B55.d.352FAAA8AF89983F2E614FF541B29332.e.75"
}, {
   "element-6066-11e4-a52e-4f735466cecf": "f.E932AA697B147C1216DB5C0E282D4B55.d.352FAAA8AF89983F2E614FF541B29332.e.76"
}, {
   "element-6066-11e4-a52e-4f735466cecf": "f.E932AA697B147C1216DB5C0E282D4B55.d.352FAAA8AF89983F2E614FF541B29332.e.77"
} ]
[1776450356.145][INFO]: [57bbb83e9d34e1daf76050fb78d78b18] COMMAND GetElementText {
   "id": "f.E932AA697B147C1216DB5C0E282D4B55.d.352FAAA8AF89983F2E614FF541B29332.e.73"
}
[1776450356.145][INFO]: Waiting for pending navigations...
[1776450356.146][INFO]: Done waiting for pending navigations. Status: ok
[1776450356.168][INFO]: Waiting for pending navigations...
[1776450356.168][INFO]: Done waiting for pending navigations. Status: ok
[1776450356.168][INFO]: [57bbb83e9d34e1daf76050fb78d78b18] RESPONSE GetElementText "Mr"
[1776450356.175][INFO]: [57bbb83e9d34e1daf76050fb78d78b18] COMMAND ClickElement {
   "id": "f.E932AA697B147C1216DB5C0E282D4B55.d.352FAAA8AF89983F2E614FF541B29332.e.73"
}
[1776450356.175][INFO]: Waiting for pending navigations...
[1776450356.176][INFO]: Done waiting for pending navigations. Status: ok
[1776450356.287][INFO]: Waiting for pending navigations...
[1776450356.302][INFO]: Done waiting for pending navigations. Status: ok
[1776450356.302][INFO]: [57bbb83e9d34e1daf76050fb78d78b18] RESPONSE ClickElement
[1776450356.311][INFO]: [57bbb83e9d34e1daf76050fb78d78b18] COMMAND FindElement {
   "using": "xpath",
   "value": "//div[contains(@class,'A6uyJd')]//input"
}
[1776450356.311][INFO]: Waiting for pending navigations...
[1776450356.312][INFO]: Done waiting for pending navigations. Status: ok
[1776450356.330][INFO]: Waiting for pending navigations...
[1776450356.331][INFO]: Done waiting for pending navigations. Status: ok
[1776450356.331][INFO]: [57bbb83e9d34e1daf76050fb78d78b18] RESPONSE FindElement {
   "element-6066-11e4-a52e-4f735466cecf": "f.E932AA697B147C1216DB5C0E282D4B55.d.352FAAA8AF89983F2E614FF541B29332.e.19"
}
[1776450359.352][INFO]: [57bbb83e9d34e1daf76050fb78d78b18] COMMAND ClearElement {
   "id": "f.E932AA697B147C1216DB5C0E282D4B55.d.352FAAA8AF89983F2E614FF541B29332.e.19"
}
[1776450359.352][INFO]: Waiting for pending navigations...
[1776450359.353][INFO]: Done waiting for pending navigations. Status: ok
[1776450359.386][INFO]: Waiting for pending navigations...
[1776450359.386][INFO]: Done waiting for pending navigations. Status: ok
[1776450359.386][INFO]: [57bbb83e9d34e1daf76050fb78d78b18] RESPONSE ClearElement
[1776450359.391][INFO]: [57bbb83e9d34e1daf76050fb78d78b18] COMMAND TypeElement {
   "id": "f.E932AA697B147C1216DB5C0E282D4B55.d.352FAAA8AF89983F2E614FF541B29332.e.19",
   "text": "10/04/2026",
   "value": [ "1", "0", "/", "0", "4", "/", "2", "0", "2", "6" ]
}
[1776450359.391][INFO]: Waiting for pending navigations...
[1776450359.392][INFO]: Done waiting for pending navigations. Status: ok
[1776450359.481][INFO]: Waiting for pending navigations...
[1776450359.484][INFO]: Done waiting for pending navigations. Status: ok
[1776450359.484][INFO]: [57bbb83e9d34e1daf76050fb78d78b18] RESPONSE TypeElement
[1776450359.488][INFO]: [57bbb83e9d34e1daf76050fb78d78b18] COMMAND FindElement {
   "using": "xpath",
   "value": "//input[@aria-label='Hour']"
}
[1776450359.488][INFO]: Waiting for pending navigations...
[1776450359.490][INFO]: Done waiting for pending navigations. Status: ok
[1776450359.502][INFO]: Waiting for pending navigations...
[1776450359.503][INFO]: Done waiting for pending navigations. Status: ok
[1776450359.503][INFO]: [57bbb83e9d34e1daf76050fb78d78b18] RESPONSE FindElement {
   "element-6066-11e4-a52e-4f735466cecf": "f.E932AA697B147C1216DB5C0E282D4B55.d.352FAAA8AF89983F2E614FF541B29332.e.20"
}
[1776450359.509][INFO]: [57bbb83e9d34e1daf76050fb78d78b18] COMMAND FindElement {
   "using": "xpath",
   "value": "//input[@aria-label='Minute']"
}
[1776450359.509][INFO]: Waiting for pending navigations...
[1776450359.510][INFO]: Done waiting for pending navigations. Status: ok
[1776450359.522][INFO]: Waiting for pending navigations...
[1776450359.523][INFO]: Done waiting for pending navigations. Status: ok
[1776450359.523][INFO]: [57bbb83e9d34e1daf76050fb78d78b18] RESPONSE FindElement {
   "element-6066-11e4-a52e-4f735466cecf": "f.E932AA697B147C1216DB5C0E282D4B55.d.352FAAA8AF89983F2E614FF541B29332.e.21"
}
[1776450359.528][INFO]: [57bbb83e9d34e1daf76050fb78d78b18] COMMAND FindElement {
   "using": "xpath",
   "value": "//div[@class='lRwqcd']/div"
}
[1776450359.528][INFO]: Waiting for pending navigations...
[1776450359.529][INFO]: Done waiting for pending navigations. Status: ok
[1776450359.543][INFO]: Waiting for pending navigations...
[1776450359.544][INFO]: Done waiting for pending navigations. Status: ok
[1776450359.544][INFO]: [57bbb83e9d34e1daf76050fb78d78b18] RESPONSE FindElement {
   "element-6066-11e4-a52e-4f735466cecf": "f.E932AA697B147C1216DB5C0E282D4B55.d.352FAAA8AF89983F2E614FF541B29332.e.98"
}
[1776450359.548][INFO]: [57bbb83e9d34e1daf76050fb78d78b18] COMMAND ClearElement {
   "id": "f.E932AA697B147C1216DB5C0E282D4B55.d.352FAAA8AF89983F2E614FF541B29332.e.20"
}
[1776450359.548][INFO]: Waiting for pending navigations...
[1776450359.549][INFO]: Done waiting for pending navigations. Status: ok
[1776450359.581][INFO]: Waiting for pending navigations...
[1776450359.581][INFO]: Done waiting for pending navigations. Status: ok
[1776450359.581][INFO]: [57bbb83e9d34e1daf76050fb78d78b18] RESPONSE ClearElement
[1776450359.586][INFO]: [57bbb83e9d34e1daf76050fb78d78b18] COMMAND TypeElement {
   "id": "f.E932AA697B147C1216DB5C0E282D4B55.d.352FAAA8AF89983F2E614FF541B29332.e.20",
   "text": "07",
   "value": [ "0", "7" ]
}
[1776450359.586][INFO]: Waiting for pending navigations...
[1776450359.587][INFO]: Done waiting for pending navigations. Status: ok
[1776450359.655][INFO]: Waiting for pending navigations...
[1776450359.659][INFO]: Done waiting for pending navigations. Status: ok
[1776450359.659][INFO]: [57bbb83e9d34e1daf76050fb78d78b18] RESPONSE TypeElement
[1776450359.664][INFO]: [57bbb83e9d34e1daf76050fb78d78b18] COMMAND ClearElement {
   "id": "f.E932AA697B147C1216DB5C0E282D4B55.d.352FAAA8AF89983F2E614FF541B29332.e.21"
}
[1776450359.664][INFO]: Waiting for pending navigations...
[1776450359.665][INFO]: Done waiting for pending navigations. Status: ok
[1776450359.697][INFO]: Waiting for pending navigations...
[1776450359.698][INFO]: Done waiting for pending navigations. Status: ok
[1776450359.698][INFO]: [57bbb83e9d34e1daf76050fb78d78b18] RESPONSE ClearElement
[1776450359.702][INFO]: [57bbb83e9d34e1daf76050fb78d78b18] COMMAND TypeElement {
   "id": "f.E932AA697B147C1216DB5C0E282D4B55.d.352FAAA8AF89983F2E614FF541B29332.e.21",
   "text": "30",
   "value": [ "3", "0" ]
}
[1776450359.702][INFO]: Waiting for pending navigations...
[1776450359.703][INFO]: Done waiting for pending navigations. Status: ok
[1776450359.774][INFO]: Waiting for pending navigations...
[1776450359.778][INFO]: Done waiting for pending navigations. Status: ok
[1776450359.778][INFO]: [57bbb83e9d34e1daf76050fb78d78b18] RESPONSE TypeElement
[1776450359.789][INFO]: [57bbb83e9d34e1daf76050fb78d78b18] COMMAND ExecuteScript {
   "args": [ {
      "element-6066-11e4-a52e-4f735466cecf": "f.E932AA697B147C1216DB5C0E282D4B55.d.352FAAA8AF89983F2E614FF541B29332.e.98"
   } ],
   "script": "arguments[0].click();"
}
[1776450359.789][INFO]: Waiting for pending navigations...
[1776450359.791][INFO]: Done waiting for pending navigations. Status: ok
[1776450359.804][INFO]: Waiting for pending navigations...
[1776450361.776][INFO]: Done waiting for pending navigations. Status: ok
[1776450361.776][INFO]: [57bbb83e9d34e1daf76050fb78d78b18] RESPONSE ExecuteScript null
[1776450364.787][INFO]: [57bbb83e9d34e1daf76050fb78d78b18] COMMAND FindElement {
   "using": "xpath",
   "value": "//div[contains(@class,'vHW')]"
}
[1776450364.787][INFO]: Waiting for pending navigations...
[1776450364.788][INFO]: Done waiting for pending navigations. Status: ok
[1776450364.803][INFO]: Waiting for pending navigations...
[1776450364.804][INFO]: Done waiting for pending navigations. Status: ok
[1776450364.804][INFO]: [57bbb83e9d34e1daf76050fb78d78b18] RESPONSE FindElement {
   "element-6066-11e4-a52e-4f735466cecf": "f.E932AA697B147C1216DB5C0E282D4B55.d.431199EB5E14934EE58BCF4FE2EEDB7C.e.108"
}
[1776450364.808][INFO]: [57bbb83e9d34e1daf76050fb78d78b18] COMMAND GetElementText {
   "id": "f.E932AA697B147C1216DB5C0E282D4B55.d.431199EB5E14934EE58BCF4FE2EEDB7C.e.108"
}
[1776450364.808][INFO]: Waiting for pending navigations...
[1776450364.809][INFO]: Done waiting for pending navigations. Status: ok
[1776450364.819][INFO]: Waiting for pending navigations...
[1776450364.820][INFO]: Done waiting for pending navigations. Status: ok
[1776450364.820][INFO]: [57bbb83e9d34e1daf76050fb78d78b18] RESPONSE GetElementText "Thanks for your response, Automation Wizard!"
[1776450364.829][INFO]: [57bbb83e9d34e1daf76050fb78d78b18] COMMAND CloseWindow {
}
[1776450365.025][INFO]: [57bbb83e9d34e1daf76050fb78d78b18] RESPONSE CloseWindow [  ]
